Traceback (most recent call last):
  File "/Users/julieneg/opt/miniconda3/envs/jbook/lib/python3.12/site-packages/jupyter_cache/executors/utils.py", line 58, in single_nb_execution
    executenb(
  File "/Users/julieneg/opt/miniconda3/envs/jbook/lib/python3.12/site-packages/nbclient/client.py", line 1314, in execute
    return NotebookClient(nb=nb, resources=resources, km=km, **kwargs).execute()
           ^^^^^^^^^^^^^^^^^^^^^^^^^^^^^^^^^^^^^^^^^^^^^^^^^^^^^^^^^^^^^^^^^^^^^
  File "/Users/julieneg/opt/miniconda3/envs/jbook/lib/python3.12/site-packages/jupyter_core/utils/__init__.py", line 165, in wrapped
    return loop.run_until_complete(inner)
           ^^^^^^^^^^^^^^^^^^^^^^^^^^^^^^
  File "/Users/julieneg/opt/miniconda3/envs/jbook/lib/python3.12/asyncio/base_events.py", line 687, in run_until_complete
    return future.result()
           ^^^^^^^^^^^^^^^
  File "/Users/julieneg/opt/miniconda3/envs/jbook/lib/python3.12/site-packages/nbclient/client.py", line 709, in async_execute
    await self.async_execute_cell(
  File "/Users/julieneg/opt/miniconda3/envs/jbook/lib/python3.12/site-packages/nbclient/client.py", line 1062, in async_execute_cell
    await self._check_raise_for_error(cell, cell_index, exec_reply)
  File "/Users/julieneg/opt/miniconda3/envs/jbook/lib/python3.12/site-packages/nbclient/client.py", line 918, in _check_raise_for_error
    raise CellExecutionError.from_cell_and_msg(cell, exec_reply_content)
nbclient.exceptions.CellExecutionError: An error occurred while executing the following cell:
------------------
gm_low = gm.filter(cutoff_scale=5)
fig, ax = gm.plot()
gm_low.plot(ax=ax,label=gm.label + ' (5s lowpass)')
------------------


[0;31m---------------------------------------------------------------------------[0m
[0;31mValueError[0m                                Traceback (most recent call last)
Cell [0;32mIn[3], line 1[0m
[0;32m----> 1[0m gm_low [38;5;241m=[39m [43mgm[49m[38;5;241;43m.[39;49m[43mfilter[49m[43m([49m[43mcutoff_scale[49m[38;5;241;43m=[39;49m[38;5;241;43m5[39;49m[43m)[49m
[1;32m      2[0m fig, ax [38;5;241m=[39m gm[38;5;241m.[39mplot()
[1;32m      3[0m gm_low[38;5;241m.[39mplot(ax[38;5;241m=[39max,label[38;5;241m=[39mgm[38;5;241m.[39mlabel [38;5;241m+[39m [38;5;124m'[39m[38;5;124m (5s lowpass)[39m[38;5;124m'[39m)

File [0;32m~/Documents/GitHub/Pyleoclim_util/pyleoclim/core/series.py:1485[0m, in [0;36mSeries.filter[0;34m(self, cutoff_freq, cutoff_scale, method, keep_log, **kwargs)[0m
[1;32m   1362[0m [38;5;250m[39m[38;5;124;03m''' Filtering methods for Series objects using four possible methods:[39;00m
[1;32m   1363[0m [38;5;124;03m    - `Butterworth <https://docs.scipy.org/doc/scipy/reference/generated/scipy.signal.butter.html>`_[39;00m
[1;32m   1364[0m [38;5;124;03m    - `Lanczos <http://scitools.org.uk/iris/docs/v1.2/examples/graphics/SOI_filtering.html>`_[39;00m
[0;32m   (...)[0m
[1;32m   1482[0m 
[1;32m   1483[0m [38;5;124;03m'''[39;00m
[1;32m   1484[0m [38;5;28;01mif[39;00m [38;5;129;01mnot[39;00m [38;5;28mself[39m[38;5;241m.[39mis_evenly_spaced():
[0;32m-> 1485[0m     [38;5;28;01mraise[39;00m [38;5;167;01mValueError[39;00m([38;5;124m'[39m[38;5;124mThis  method assumes evenly-spaced timeseries, while the input is not. Use the [39m[38;5;124m"[39m[38;5;124m.interp()[39m[38;5;124m"[39m[38;5;124m, [39m[38;5;124m"[39m[38;5;124m.bin()[39m[38;5;124m"[39m[38;5;124m or [39m[38;5;124m"[39m[38;5;124m.gkernel()[39m[38;5;124m"[39m[38;5;124m methods prior to [39m[38;5;124m"[39m[38;5;124m.filter()[39m[38;5;124m"[39m[38;5;124m.[39m[38;5;124m'[39m)
[1;32m   1487[0m new [38;5;241m=[39m [38;5;28mself[39m[38;5;241m.[39mcopy()
[1;32m   1489[0m mu [38;5;241m=[39m np[38;5;241m.[39mmean([38;5;28mself[39m[38;5;241m.[39mvalue) [38;5;66;03m# extract the mean[39;00m

[0;31mValueError[0m: This  method assumes evenly-spaced timeseries, while the input is not. Use the ".interp()", ".bin()" or ".gkernel()" methods prior to ".filter()".

